<?xml version="1.0" encoding="UTF-8"?>
<testng-results ignored="0" total="40" passed="36" failed="4" skipped="0">
  <reporter-output>
  </reporter-output>
  <suite started-at="2022-04-04T09:15:10 IST" name="Default suite" finished-at="2022-04-04T09:41:30 IST" duration-ms="1580043">
    <groups>
    </groups>
    <test started-at="2022-04-04T09:15:10 IST" name="Default test" finished-at="2022-04-04T09:41:30 IST" duration-ms="1580043">
      <class name="testcase.Smoketest">
        <test-method is-config="true" signature="initial()[pri:0, instance:testcase.Smoketest@47987356]" started-at="2022-04-04T09:15:09 IST" name="initial" finished-at="2022-04-04T09:15:10 IST" duration-ms="662" status="PASS">
          <reporter-output>
          </reporter-output>
        </test-method> <!-- initial -->
        <test-method is-config="true" signature="setup()[pri:0, instance:testcase.Smoketest@47987356]" started-at="2022-04-04T09:15:10 IST" name="setup" finished-at="2022-04-04T09:15:18 IST" duration-ms="8389" status="PASS">
          <reporter-output>
          </reporter-output>
        </test-method> <!-- setup -->
        <test-method signature="login()[pri:0, instance:testcase.Smoketest@47987356]" started-at="2022-04-04T09:15:18 IST" name="login" finished-at="2022-04-04T09:15:39 IST" duration-ms="21404" status="PASS">
          <reporter-output>
          </reporter-output>
        </test-method> <!-- login -->
        <test-method is-config="true" signature="teardown(org.testng.ITestResult)[pri:0, instance:testcase.Smoketest@47987356]" started-at="2022-04-04T09:15:39 IST" name="teardown" finished-at="2022-04-04T09:15:41 IST" duration-ms="1183" status="PASS">
          <params>
            <param index="0">
              <value>
                <![CDATA[[TestResult name=login status=SUCCESS method=Smoketest.login()[pri:0, instance:testcase.Smoketest@47987356] output={null}]]]>
              </value>
            </param>
          </params>
          <reporter-output>
          </reporter-output>
        </test-method> <!-- teardown -->
        <test-method signature="Add_Customer()[pri:1, instance:testcase.Smoketest@47987356]" started-at="2022-04-04T09:15:41 IST" name="Add_Customer" finished-at="2022-04-04T09:16:02 IST" duration-ms="21926" status="PASS">
          <reporter-output>
          </reporter-output>
        </test-method> <!-- Add_Customer -->
        <test-method is-config="true" signature="teardown(org.testng.ITestResult)[pri:0, instance:testcase.Smoketest@47987356]" started-at="2022-04-04T09:16:02 IST" name="teardown" finished-at="2022-04-04T09:16:04 IST" duration-ms="1176" status="PASS">
          <params>
            <param index="0">
              <value>
                <![CDATA[[TestResult name=Add_Customer status=SUCCESS method=Smoketest.Add_Customer()[pri:1, instance:testcase.Smoketest@47987356] output={null}]]]>
              </value>
            </param>
          </params>
          <reporter-output>
          </reporter-output>
        </test-method> <!-- teardown -->
        <test-method signature="Edit_Customer()[pri:2, instance:testcase.Smoketest@47987356]" started-at="2022-04-04T09:16:04 IST" name="Edit_Customer" finished-at="2022-04-04T09:16:15 IST" duration-ms="11634" status="PASS">
          <reporter-output>
          </reporter-output>
        </test-method> <!-- Edit_Customer -->
        <test-method is-config="true" signature="teardown(org.testng.ITestResult)[pri:0, instance:testcase.Smoketest@47987356]" started-at="2022-04-04T09:16:15 IST" name="teardown" finished-at="2022-04-04T09:16:16 IST" duration-ms="1157" status="PASS">
          <params>
            <param index="0">
              <value>
                <![CDATA[[TestResult name=Edit_Customer status=SUCCESS method=Smoketest.Edit_Customer()[pri:2, instance:testcase.Smoketest@47987356] output={null}]]]>
              </value>
            </param>
          </params>
          <reporter-output>
          </reporter-output>
        </test-method> <!-- teardown -->
        <test-method signature="Add_job_Prefinal()[pri:3, instance:testcase.Smoketest@47987356]" started-at="2022-04-04T09:16:16 IST" name="Add_job_Prefinal" finished-at="2022-04-04T09:16:26 IST" duration-ms="9509" status="PASS">
          <reporter-output>
          </reporter-output>
        </test-method> <!-- Add_job_Prefinal -->
        <test-method is-config="true" signature="teardown(org.testng.ITestResult)[pri:0, instance:testcase.Smoketest@47987356]" started-at="2022-04-04T09:16:26 IST" name="teardown" finished-at="2022-04-04T09:16:27 IST" duration-ms="1161" status="PASS">
          <params>
            <param index="0">
              <value>
                <![CDATA[[TestResult name=Add_job_Prefinal status=SUCCESS method=Smoketest.Add_job_Prefinal()[pri:3, instance:testcase.Smoketest@47987356] output={null}]]]>
              </value>
            </param>
          </params>
          <reporter-output>
          </reporter-output>
        </test-method> <!-- teardown -->
        <test-method signature="Add_job_Final_Complete()[pri:4, instance:testcase.Smoketest@47987356]" started-at="2022-04-04T09:16:27 IST" name="Add_job_Final_Complete" finished-at="2022-04-04T09:16:53 IST" duration-ms="25463" status="PASS">
          <reporter-output>
          </reporter-output>
        </test-method> <!-- Add_job_Final_Complete -->
        <test-method is-config="true" signature="teardown(org.testng.ITestResult)[pri:0, instance:testcase.Smoketest@47987356]" started-at="2022-04-04T09:16:53 IST" name="teardown" finished-at="2022-04-04T09:16:54 IST" duration-ms="1147" status="PASS">
          <params>
            <param index="0">
              <value>
                <![CDATA[[TestResult name=Add_job_Final_Complete status=SUCCESS method=Smoketest.Add_job_Final_Complete()[pri:4, instance:testcase.Smoketest@47987356] output={null}]]]>
              </value>
            </param>
          </params>
          <reporter-output>
          </reporter-output>
        </test-method> <!-- teardown -->
        <test-method signature="Addjob_NoRules()[pri:5, instance:testcase.Smoketest@47987356]" started-at="2022-04-04T09:16:54 IST" name="Addjob_NoRules" finished-at="2022-04-04T09:17:11 IST" duration-ms="17311" status="PASS">
          <reporter-output>
          </reporter-output>
        </test-method> <!-- Addjob_NoRules -->
        <test-method is-config="true" signature="teardown(org.testng.ITestResult)[pri:0, instance:testcase.Smoketest@47987356]" started-at="2022-04-04T09:17:11 IST" name="teardown" finished-at="2022-04-04T09:17:12 IST" duration-ms="1150" status="PASS">
          <params>
            <param index="0">
              <value>
                <![CDATA[[TestResult name=Addjob_NoRules status=SUCCESS method=Smoketest.Addjob_NoRules()[pri:5, instance:testcase.Smoketest@47987356] output={null}]]]>
              </value>
            </param>
          </params>
          <reporter-output>
          </reporter-output>
        </test-method> <!-- teardown -->
        <test-method signature="Addjob_NoRules_Adddtional()[pri:6, instance:testcase.Smoketest@47987356]" started-at="2022-04-04T09:17:12 IST" name="Addjob_NoRules_Adddtional" finished-at="2022-04-04T09:17:36 IST" duration-ms="24272" status="PASS">
          <reporter-output>
          </reporter-output>
        </test-method> <!-- Addjob_NoRules_Adddtional -->
        <test-method is-config="true" signature="teardown(org.testng.ITestResult)[pri:0, instance:testcase.Smoketest@47987356]" started-at="2022-04-04T09:17:36 IST" name="teardown" finished-at="2022-04-04T09:17:38 IST" duration-ms="1136" status="PASS">
          <params>
            <param index="0">
              <value>
                <![CDATA[[TestResult name=Addjob_NoRules_Adddtional status=SUCCESS method=Smoketest.Addjob_NoRules_Adddtional()[pri:6, instance:testcase.Smoketest@47987356] output={null}]]]>
              </value>
            </param>
          </params>
          <reporter-output>
          </reporter-output>
        </test-method> <!-- teardown -->
        <test-method signature="Estimate_Accept()[pri:7, instance:testcase.Smoketest@47987356]" started-at="2022-04-04T09:17:38 IST" name="Estimate_Accept" finished-at="2022-04-04T09:19:16 IST" duration-ms="98381" status="PASS">
          <reporter-output>
          </reporter-output>
        </test-method> <!-- Estimate_Accept -->
        <test-method is-config="true" signature="teardown(org.testng.ITestResult)[pri:0, instance:testcase.Smoketest@47987356]" started-at="2022-04-04T09:19:16 IST" name="teardown" finished-at="2022-04-04T09:19:17 IST" duration-ms="1166" status="PASS">
          <params>
            <param index="0">
              <value>
                <![CDATA[[TestResult name=Estimate_Accept status=SUCCESS method=Smoketest.Estimate_Accept()[pri:7, instance:testcase.Smoketest@47987356] output={null}]]]>
              </value>
            </param>
          </params>
          <reporter-output>
          </reporter-output>
        </test-method> <!-- teardown -->
        <test-method signature="Estimate_Reject()[pri:8, instance:testcase.Smoketest@47987356]" started-at="2022-04-04T09:19:17 IST" name="Estimate_Reject" finished-at="2022-04-04T09:20:31 IST" duration-ms="73546" status="PASS">
          <reporter-output>
          </reporter-output>
        </test-method> <!-- Estimate_Reject -->
        <test-method is-config="true" signature="teardown(org.testng.ITestResult)[pri:0, instance:testcase.Smoketest@47987356]" started-at="2022-04-04T09:20:31 IST" name="teardown" finished-at="2022-04-04T09:20:33 IST" duration-ms="2229" status="PASS">
          <params>
            <param index="0">
              <value>
                <![CDATA[[TestResult name=Estimate_Reject status=SUCCESS method=Smoketest.Estimate_Reject()[pri:8, instance:testcase.Smoketest@47987356] output={null}]]]>
              </value>
            </param>
          </params>
          <reporter-output>
          </reporter-output>
        </test-method> <!-- teardown -->
        <test-method signature="Addjob_NoRules_DiaryEvent()[pri:9, instance:testcase.Smoketest@47987356]" started-at="2022-04-04T09:20:33 IST" name="Addjob_NoRules_DiaryEvent" finished-at="2022-04-04T09:20:59 IST" duration-ms="26071" status="FAIL">
          <exception class="org.openqa.selenium.ElementClickInterceptedException">
            <message>
              <![CDATA[element click intercepted: Element <td class="fc-widget-content"></td> is not clickable at point (660, 622). Other element would receive the click: <div id="page-overlay" class="in-view"></div>
  (Session info: chrome=100.0.4896.60)
Build info: version: '3.14.0', revision: 'aacccce0', time: '2018-08-02T20:19:58.91Z'
System info: host: 'AZARUDEEN-LENOV', ip: '192.168.100.113', os.name: 'Windows 10', os.arch: 'amd64', os.version: '10.0', java.version: '17.0.1'
Driver info: org.openqa.selenium.chrome.ChromeDriver
Capabilities {acceptInsecureCerts: false, browserName: chrome, browserVersion: 100.0.4896.60, chrome: {chromedriverVersion: 99.0.4844.51 (d537ec02474b5..., userDataDir: C:\Users\azaru\AppData\Loca...}, goog:chromeOptions: {debuggerAddress: localhost:50477}, javascriptEnabled: true, networkConnectionEnabled: false, pageLoadStrategy: normal, platform: WINDOWS, platformName: WINDOWS, proxy: Proxy(), setWindowRect: true, strictFileInteractability: false, timeouts: {implicit: 0, pageLoad: 300000, script: 30000}, unhandledPromptBehavior: dismiss and notify, webauthn:extension:credBlob: true, webauthn:extension:largeBlob: true, webauthn:virtualAuthenticators: true}
Session ID: 03388edc6f5471cf7c23b579fd319bd0]]>
            </message>
            <full-stacktrace>
              <![CDATA[org.openqa.selenium.ElementClickInterceptedException: element click intercepted: Element <td class="fc-widget-content"></td> is not clickable at point (660, 622). Other element would receive the click: <div id="page-overlay" class="in-view"></div>
  (Session info: chrome=100.0.4896.60)
Build info: version: '3.14.0', revision: 'aacccce0', time: '2018-08-02T20:19:58.91Z'
System info: host: 'AZARUDEEN-LENOV', ip: '192.168.100.113', os.name: 'Windows 10', os.arch: 'amd64', os.version: '10.0', java.version: '17.0.1'
Driver info: org.openqa.selenium.chrome.ChromeDriver
Capabilities {acceptInsecureCerts: false, browserName: chrome, browserVersion: 100.0.4896.60, chrome: {chromedriverVersion: 99.0.4844.51 (d537ec02474b5..., userDataDir: C:\Users\azaru\AppData\Loca...}, goog:chromeOptions: {debuggerAddress: localhost:50477}, javascriptEnabled: true, networkConnectionEnabled: false, pageLoadStrategy: normal, platform: WINDOWS, platformName: WINDOWS, proxy: Proxy(), setWindowRect: true, strictFileInteractability: false, timeouts: {implicit: 0, pageLoad: 300000, script: 30000}, unhandledPromptBehavior: dismiss and notify, webauthn:extension:credBlob: true, webauthn:extension:largeBlob: true, webauthn:virtualAuthenticators: true}
Session ID: 03388edc6f5471cf7c23b579fd319bd0
at java.base/jdk.internal.reflect.NativeConstructorAccessorImpl.newInstance0(Native Method)
at java.base/jdk.internal.reflect.NativeConstructorAccessorImpl.newInstance(NativeConstructorAccessorImpl.java:77)
at java.base/jdk.internal.reflect.DelegatingConstructorAccessorImpl.newInstance(DelegatingConstructorAccessorImpl.java:45)
at java.base/java.lang.reflect.Constructor.newInstanceWithCaller(Constructor.java:499)
at java.base/java.lang.reflect.Constructor.newInstance(Constructor.java:480)
at org.openqa.selenium.remote.http.W3CHttpResponseCodec.createException(W3CHttpResponseCodec.java:187)
at org.openqa.selenium.remote.http.W3CHttpResponseCodec.decode(W3CHttpResponseCodec.java:122)
at org.openqa.selenium.remote.http.W3CHttpResponseCodec.decode(W3CHttpResponseCodec.java:49)
at org.openqa.selenium.remote.HttpCommandExecutor.execute(HttpCommandExecutor.java:158)
at org.openqa.selenium.remote.service.DriverCommandExecutor.execute(DriverCommandExecutor.java:83)
at org.openqa.selenium.remote.RemoteWebDriver.execute(RemoteWebDriver.java:548)
at org.openqa.selenium.remote.RemoteWebElement.execute(RemoteWebElement.java:276)
at org.openqa.selenium.remote.RemoteWebElement.click(RemoteWebElement.java:83)
at action.Wrapper.click(Wrapper.java:123)
at pages.Diary.Diary_Timing3(Diary.java:80)
at testcase.Smoketest.Addjob_NoRules_DiaryEvent(Smoketest.java:215)
at java.base/jdk.internal.reflect.NativeMethodAccessorImpl.invoke0(Native Method)
at java.base/jdk.internal.reflect.NativeMethodAccessorImpl.invoke(NativeMethodAccessorImpl.java:77)
at java.base/jdk.internal.reflect.DelegatingMethodAccessorImpl.invoke(DelegatingMethodAccessorImpl.java:43)
at java.base/java.lang.reflect.Method.invoke(Method.java:568)
at org.testng.internal.MethodInvocationHelper.invokeMethod(MethodInvocationHelper.java:134)
at org.testng.internal.TestInvoker.invokeMethod(TestInvoker.java:597)
at org.testng.internal.TestInvoker.invokeTestMethod(TestInvoker.java:173)
at org.testng.internal.MethodRunner.runInSequence(MethodRunner.java:46)
at org.testng.internal.TestInvoker$MethodInvocationAgent.invoke(TestInvoker.java:816)
at org.testng.internal.TestInvoker.invokeTestMethods(TestInvoker.java:146)
at org.testng.internal.TestMethodWorker.invokeTestMethods(TestMethodWorker.java:146)
at org.testng.internal.TestMethodWorker.run(TestMethodWorker.java:128)
at java.base/java.util.ArrayList.forEach(ArrayList.java:1511)
at org.testng.TestRunner.privateRun(TestRunner.java:766)
at org.testng.TestRunner.run(TestRunner.java:587)
at org.testng.SuiteRunner.runTest(SuiteRunner.java:384)
at org.testng.SuiteRunner.runSequentially(SuiteRunner.java:378)
at org.testng.SuiteRunner.privateRun(SuiteRunner.java:337)
at org.testng.SuiteRunner.run(SuiteRunner.java:286)
at org.testng.SuiteRunnerWorker.runSuite(SuiteRunnerWorker.java:53)
at org.testng.SuiteRunnerWorker.run(SuiteRunnerWorker.java:96)
at org.testng.TestNG.runSuitesSequentially(TestNG.java:1187)
at org.testng.TestNG.runSuitesLocally(TestNG.java:1109)
at org.testng.TestNG.runSuites(TestNG.java:1039)
at org.testng.TestNG.run(TestNG.java:1007)
at org.testng.remote.AbstractRemoteTestNG.run(AbstractRemoteTestNG.java:115)
at org.testng.remote.RemoteTestNG.initAndRun(RemoteTestNG.java:251)
at org.testng.remote.RemoteTestNG.main(RemoteTestNG.java:77)
]]>
            </full-stacktrace>
          </exception> <!-- org.openqa.selenium.ElementClickInterceptedException -->
          <reporter-output>
          </reporter-output>
        </test-method> <!-- Addjob_NoRules_DiaryEvent -->
        <test-method is-config="true" signature="teardown(org.testng.ITestResult)[pri:0, instance:testcase.Smoketest@47987356]" started-at="2022-04-04T09:20:59 IST" name="teardown" finished-at="2022-04-04T09:21:01 IST" duration-ms="1619" status="PASS">
          <params>
            <param index="0">
              <value>
                <![CDATA[[TestResult name=Addjob_NoRules_DiaryEvent status=FAILURE method=Smoketest.Addjob_NoRules_DiaryEvent()[pri:9, instance:testcase.Smoketest@47987356] output={null}]]]>
              </value>
            </param>
          </params>
          <reporter-output>
          </reporter-output>
        </test-method> <!-- teardown -->
        <test-method signature="Addpayment_job()[pri:10, instance:testcase.Smoketest@47987356]" started-at="2022-04-04T09:21:01 IST" name="Addpayment_job" finished-at="2022-04-04T09:21:40 IST" duration-ms="39141" status="PASS">
          <reporter-output>
          </reporter-output>
        </test-method> <!-- Addpayment_job -->
        <test-method is-config="true" signature="teardown(org.testng.ITestResult)[pri:0, instance:testcase.Smoketest@47987356]" started-at="2022-04-04T09:21:40 IST" name="teardown" finished-at="2022-04-04T09:21:41 IST" duration-ms="1186" status="PASS">
          <params>
            <param index="0">
              <value>
                <![CDATA[[TestResult name=Addpayment_job status=SUCCESS method=Smoketest.Addpayment_job()[pri:10, instance:testcase.Smoketest@47987356] output={null}]]]>
              </value>
            </param>
          </params>
          <reporter-output>
          </reporter-output>
        </test-method> <!-- teardown -->
        <test-method signature="Workaddress_Add()[pri:11, instance:testcase.Smoketest@47987356]" started-at="2022-04-04T09:21:41 IST" name="Workaddress_Add" finished-at="2022-04-04T09:22:05 IST" duration-ms="23784" status="PASS">
          <reporter-output>
          </reporter-output>
        </test-method> <!-- Workaddress_Add -->
        <test-method is-config="true" signature="teardown(org.testng.ITestResult)[pri:0, instance:testcase.Smoketest@47987356]" started-at="2022-04-04T09:22:05 IST" name="teardown" finished-at="2022-04-04T09:22:06 IST" duration-ms="1146" status="PASS">
          <params>
            <param index="0">
              <value>
                <![CDATA[[TestResult name=Workaddress_Add status=SUCCESS method=Smoketest.Workaddress_Add()[pri:11, instance:testcase.Smoketest@47987356] output={null}]]]>
              </value>
            </param>
          </params>
          <reporter-output>
          </reporter-output>
        </test-method> <!-- teardown -->
        <test-method signature="Work_Address_Edit()[pri:12, instance:testcase.Smoketest@47987356]" started-at="2022-04-04T09:22:06 IST" name="Work_Address_Edit" finished-at="2022-04-04T09:22:14 IST" duration-ms="8013" status="PASS">
          <reporter-output>
          </reporter-output>
        </test-method> <!-- Work_Address_Edit -->
        <test-method is-config="true" signature="teardown(org.testng.ITestResult)[pri:0, instance:testcase.Smoketest@47987356]" started-at="2022-04-04T09:22:14 IST" name="teardown" finished-at="2022-04-04T09:22:15 IST" duration-ms="1225" status="PASS">
          <params>
            <param index="0">
              <value>
                <![CDATA[[TestResult name=Work_Address_Edit status=SUCCESS method=Smoketest.Work_Address_Edit()[pri:12, instance:testcase.Smoketest@47987356] output={null}]]]>
              </value>
            </param>
          </params>
          <reporter-output>
          </reporter-output>
        </test-method> <!-- teardown -->
        <test-method signature="WA_Add_job_Prefinal()[pri:13, instance:testcase.Smoketest@47987356]" started-at="2022-04-04T09:22:15 IST" name="WA_Add_job_Prefinal" finished-at="2022-04-04T09:22:25 IST" duration-ms="9546" status="PASS">
          <reporter-output>
          </reporter-output>
        </test-method> <!-- WA_Add_job_Prefinal -->
        <test-method is-config="true" signature="teardown(org.testng.ITestResult)[pri:0, instance:testcase.Smoketest@47987356]" started-at="2022-04-04T09:22:25 IST" name="teardown" finished-at="2022-04-04T09:22:26 IST" duration-ms="1164" status="PASS">
          <params>
            <param index="0">
              <value>
                <![CDATA[[TestResult name=WA_Add_job_Prefinal status=SUCCESS method=Smoketest.WA_Add_job_Prefinal()[pri:13, instance:testcase.Smoketest@47987356] output={null}]]]>
              </value>
            </param>
          </params>
          <reporter-output>
          </reporter-output>
        </test-method> <!-- teardown -->
        <test-method signature="WA_Addpayment_job()[pri:14, instance:testcase.Smoketest@47987356]" started-at="2022-04-04T09:22:26 IST" name="WA_Addpayment_job" finished-at="2022-04-04T09:23:05 IST" duration-ms="38922" status="PASS">
          <reporter-output>
          </reporter-output>
        </test-method> <!-- WA_Addpayment_job -->
        <test-method is-config="true" signature="teardown(org.testng.ITestResult)[pri:0, instance:testcase.Smoketest@47987356]" started-at="2022-04-04T09:23:05 IST" name="teardown" finished-at="2022-04-04T09:23:06 IST" duration-ms="1180" status="PASS">
          <params>
            <param index="0">
              <value>
                <![CDATA[[TestResult name=WA_Addpayment_job status=SUCCESS method=Smoketest.WA_Addpayment_job()[pri:14, instance:testcase.Smoketest@47987356] output={null}]]]>
              </value>
            </param>
          </params>
          <reporter-output>
          </reporter-output>
        </test-method> <!-- teardown -->
        <test-method signature="WA_Estimate_Accept()[pri:15, instance:testcase.Smoketest@47987356]" started-at="2022-04-04T09:23:06 IST" name="WA_Estimate_Accept" finished-at="2022-04-04T09:24:32 IST" duration-ms="85631" status="PASS">
          <reporter-output>
          </reporter-output>
        </test-method> <!-- WA_Estimate_Accept -->
        <test-method is-config="true" signature="teardown(org.testng.ITestResult)[pri:0, instance:testcase.Smoketest@47987356]" started-at="2022-04-04T09:24:32 IST" name="teardown" finished-at="2022-04-04T09:24:33 IST" duration-ms="1863" status="PASS">
          <params>
            <param index="0">
              <value>
                <![CDATA[[TestResult name=WA_Estimate_Accept status=SUCCESS method=Smoketest.WA_Estimate_Accept()[pri:15, instance:testcase.Smoketest@47987356] output={null}]]]>
              </value>
            </param>
          </params>
          <reporter-output>
          </reporter-output>
        </test-method> <!-- teardown -->
        <test-method signature="Diary_Estimate()[pri:16, instance:testcase.Smoketest@47987356]" started-at="2022-04-04T09:24:33 IST" name="Diary_Estimate" finished-at="2022-04-04T09:25:09 IST" duration-ms="35733" status="PASS">
          <reporter-output>
          </reporter-output>
        </test-method> <!-- Diary_Estimate -->
        <test-method is-config="true" signature="teardown(org.testng.ITestResult)[pri:0, instance:testcase.Smoketest@47987356]" started-at="2022-04-04T09:25:09 IST" name="teardown" finished-at="2022-04-04T09:25:10 IST" duration-ms="1145" status="PASS">
          <params>
            <param index="0">
              <value>
                <![CDATA[[TestResult name=Diary_Estimate status=SUCCESS method=Smoketest.Diary_Estimate()[pri:16, instance:testcase.Smoketest@47987356] output={null}]]]>
              </value>
            </param>
          </params>
          <reporter-output>
          </reporter-output>
        </test-method> <!-- teardown -->
        <test-method signature="Diary_Job()[pri:17, instance:testcase.Smoketest@47987356]" started-at="2022-04-04T09:25:10 IST" name="Diary_Job" finished-at="2022-04-04T09:25:47 IST" duration-ms="36897" status="PASS">
          <reporter-output>
          </reporter-output>
        </test-method> <!-- Diary_Job -->
        <test-method is-config="true" signature="teardown(org.testng.ITestResult)[pri:0, instance:testcase.Smoketest@47987356]" started-at="2022-04-04T09:25:47 IST" name="teardown" finished-at="2022-04-04T09:25:48 IST" duration-ms="1270" status="PASS">
          <params>
            <param index="0">
              <value>
                <![CDATA[[TestResult name=Diary_Job status=SUCCESS method=Smoketest.Diary_Job()[pri:17, instance:testcase.Smoketest@47987356] output={null}]]]>
              </value>
            </param>
          </params>
          <reporter-output>
          </reporter-output>
        </test-method> <!-- teardown -->
        <test-method signature="Diary_Normal()[pri:18, instance:testcase.Smoketest@47987356]" started-at="2022-04-04T09:25:48 IST" name="Diary_Normal" finished-at="2022-04-04T09:26:09 IST" duration-ms="20731" status="PASS">
          <reporter-output>
          </reporter-output>
        </test-method> <!-- Diary_Normal -->
        <test-method is-config="true" signature="teardown(org.testng.ITestResult)[pri:0, instance:testcase.Smoketest@47987356]" started-at="2022-04-04T09:26:09 IST" name="teardown" finished-at="2022-04-04T09:26:10 IST" duration-ms="1167" status="PASS">
          <params>
            <param index="0">
              <value>
                <![CDATA[[TestResult name=Diary_Normal status=SUCCESS method=Smoketest.Diary_Normal()[pri:18, instance:testcase.Smoketest@47987356] output={null}]]]>
              </value>
            </param>
          </params>
          <reporter-output>
          </reporter-output>
        </test-method> <!-- teardown -->
        <test-method signature="Addcustomer_job()[pri:19, instance:testcase.Smoketest@47987356]" started-at="2022-04-04T09:26:10 IST" name="Addcustomer_job" finished-at="2022-04-04T09:26:48 IST" duration-ms="37668" status="PASS">
          <reporter-output>
          </reporter-output>
        </test-method> <!-- Addcustomer_job -->
        <test-method is-config="true" signature="teardown(org.testng.ITestResult)[pri:0, instance:testcase.Smoketest@47987356]" started-at="2022-04-04T09:26:48 IST" name="teardown" finished-at="2022-04-04T09:26:49 IST" duration-ms="1231" status="PASS">
          <params>
            <param index="0">
              <value>
                <![CDATA[[TestResult name=Addcustomer_job status=SUCCESS method=Smoketest.Addcustomer_job()[pri:19, instance:testcase.Smoketest@47987356] output={null}]]]>
              </value>
            </param>
          </params>
          <reporter-output>
          </reporter-output>
        </test-method> <!-- teardown -->
        <test-method signature="diaryutility()[pri:20, instance:testcase.Smoketest@47987356]" started-at="2022-04-04T09:26:49 IST" name="diaryutility" finished-at="2022-04-04T09:27:00 IST" duration-ms="10427" status="PASS">
          <reporter-output>
          </reporter-output>
        </test-method> <!-- diaryutility -->
        <test-method is-config="true" signature="teardown(org.testng.ITestResult)[pri:0, instance:testcase.Smoketest@47987356]" started-at="2022-04-04T09:27:00 IST" name="teardown" finished-at="2022-04-04T09:27:01 IST" duration-ms="1136" status="PASS">
          <params>
            <param index="0">
              <value>
                <![CDATA[[TestResult name=diaryutility status=SUCCESS method=Smoketest.diaryutility()[pri:20, instance:testcase.Smoketest@47987356] output={null}]]]>
              </value>
            </param>
          </params>
          <reporter-output>
          </reporter-output>
        </test-method> <!-- teardown -->
        <test-method signature="Supplier_Create()[pri:21, instance:testcase.Smoketest@47987356]" started-at="2022-04-04T09:27:01 IST" name="Supplier_Create" finished-at="2022-04-04T09:27:12 IST" duration-ms="11313" status="PASS">
          <reporter-output>
          </reporter-output>
        </test-method> <!-- Supplier_Create -->
        <test-method is-config="true" signature="teardown(org.testng.ITestResult)[pri:0, instance:testcase.Smoketest@47987356]" started-at="2022-04-04T09:27:12 IST" name="teardown" finished-at="2022-04-04T09:27:13 IST" duration-ms="1162" status="PASS">
          <params>
            <param index="0">
              <value>
                <![CDATA[[TestResult name=Supplier_Create status=SUCCESS method=Smoketest.Supplier_Create()[pri:21, instance:testcase.Smoketest@47987356] output={null}]]]>
              </value>
            </param>
          </params>
          <reporter-output>
          </reporter-output>
        </test-method> <!-- teardown -->
        <test-method signature="Supplier_PO()[pri:22, instance:testcase.Smoketest@47987356]" started-at="2022-04-04T09:27:13 IST" name="Supplier_PO" finished-at="2022-04-04T09:27:23 IST" duration-ms="9193" status="PASS">
          <reporter-output>
          </reporter-output>
        </test-method> <!-- Supplier_PO -->
        <test-method is-config="true" signature="teardown(org.testng.ITestResult)[pri:0, instance:testcase.Smoketest@47987356]" started-at="2022-04-04T09:27:23 IST" name="teardown" finished-at="2022-04-04T09:27:24 IST" duration-ms="1335" status="PASS">
          <params>
            <param index="0">
              <value>
                <![CDATA[[TestResult name=Supplier_PO status=SUCCESS method=Smoketest.Supplier_PO()[pri:22, instance:testcase.Smoketest@47987356] output={null}]]]>
              </value>
            </param>
          </params>
          <reporter-output>
          </reporter-output>
        </test-method> <!-- teardown -->
        <test-method signature="Supplier_Invoice()[pri:23, instance:testcase.Smoketest@47987356]" started-at="2022-04-04T09:27:24 IST" name="Supplier_Invoice" finished-at="2022-04-04T09:28:28 IST" duration-ms="63947" status="PASS">
          <reporter-output>
          </reporter-output>
        </test-method> <!-- Supplier_Invoice -->
        <test-method is-config="true" signature="teardown(org.testng.ITestResult)[pri:0, instance:testcase.Smoketest@47987356]" started-at="2022-04-04T09:28:28 IST" name="teardown" finished-at="2022-04-04T09:28:29 IST" duration-ms="1180" status="PASS">
          <params>
            <param index="0">
              <value>
                <![CDATA[[TestResult name=Supplier_Invoice status=SUCCESS method=Smoketest.Supplier_Invoice()[pri:23, instance:testcase.Smoketest@47987356] output={null}]]]>
              </value>
            </param>
          </params>
          <reporter-output>
          </reporter-output>
        </test-method> <!-- teardown -->
        <test-method signature="Customer_Createcontact()[pri:24, instance:testcase.Smoketest@47987356]" started-at="2022-04-04T09:28:29 IST" name="Customer_Createcontact" finished-at="2022-04-04T09:28:38 IST" duration-ms="9134" status="PASS">
          <reporter-output>
          </reporter-output>
        </test-method> <!-- Customer_Createcontact -->
        <test-method is-config="true" signature="teardown(org.testng.ITestResult)[pri:0, instance:testcase.Smoketest@47987356]" started-at="2022-04-04T09:28:38 IST" name="teardown" finished-at="2022-04-04T09:28:39 IST" duration-ms="1145" status="PASS">
          <params>
            <param index="0">
              <value>
                <![CDATA[[TestResult name=Customer_Createcontact status=SUCCESS method=Smoketest.Customer_Createcontact()[pri:24, instance:testcase.Smoketest@47987356] output={null}]]]>
              </value>
            </param>
          </params>
          <reporter-output>
          </reporter-output>
        </test-method> <!-- teardown -->
        <test-method signature="CustomerReports()[pri:25, instance:testcase.Smoketest@47987356]" started-at="2022-04-04T09:28:39 IST" name="CustomerReports" finished-at="2022-04-04T09:29:09 IST" duration-ms="29360" status="PASS">
          <reporter-output>
          </reporter-output>
        </test-method> <!-- CustomerReports -->
        <test-method is-config="true" signature="teardown(org.testng.ITestResult)[pri:0, instance:testcase.Smoketest@47987356]" started-at="2022-04-04T09:29:09 IST" name="teardown" finished-at="2022-04-04T09:29:10 IST" duration-ms="1177" status="PASS">
          <params>
            <param index="0">
              <value>
                <![CDATA[[TestResult name=CustomerReports status=SUCCESS method=Smoketest.CustomerReports()[pri:25, instance:testcase.Smoketest@47987356] output={null}]]]>
              </value>
            </param>
          </params>
          <reporter-output>
          </reporter-output>
        </test-method> <!-- teardown -->
        <test-method signature="ServiceRemindersReports()[pri:26, instance:testcase.Smoketest@47987356]" started-at="2022-04-04T09:29:10 IST" name="ServiceRemindersReports" finished-at="2022-04-04T09:29:38 IST" duration-ms="28598" status="PASS">
          <reporter-output>
          </reporter-output>
        </test-method> <!-- ServiceRemindersReports -->
        <test-method is-config="true" signature="teardown(org.testng.ITestResult)[pri:0, instance:testcase.Smoketest@47987356]" started-at="2022-04-04T09:29:38 IST" name="teardown" finished-at="2022-04-04T09:29:40 IST" duration-ms="1124" status="PASS">
          <params>
            <param index="0">
              <value>
                <![CDATA[[TestResult name=ServiceRemindersReports status=SUCCESS method=Smoketest.ServiceRemindersReports()[pri:26, instance:testcase.Smoketest@47987356] output={null}]]]>
              </value>
            </param>
          </params>
          <reporter-output>
          </reporter-output>
        </test-method> <!-- teardown -->
        <test-method signature="SupplierReports()[pri:27, instance:testcase.Smoketest@47987356]" started-at="2022-04-04T09:29:40 IST" name="SupplierReports" finished-at="2022-04-04T09:30:07 IST" duration-ms="27822" status="PASS">
          <reporter-output>
          </reporter-output>
        </test-method> <!-- SupplierReports -->
        <test-method is-config="true" signature="teardown(org.testng.ITestResult)[pri:0, instance:testcase.Smoketest@47987356]" started-at="2022-04-04T09:30:07 IST" name="teardown" finished-at="2022-04-04T09:30:08 IST" duration-ms="1156" status="PASS">
          <params>
            <param index="0">
              <value>
                <![CDATA[[TestResult name=SupplierReports status=SUCCESS method=Smoketest.SupplierReports()[pri:27, instance:testcase.Smoketest@47987356] output={null}]]]>
              </value>
            </param>
          </params>
          <reporter-output>
          </reporter-output>
        </test-method> <!-- teardown -->
        <test-method signature="EstimateReport()[pri:28, instance:testcase.Smoketest@47987356]" started-at="2022-04-04T09:30:08 IST" name="EstimateReport" finished-at="2022-04-04T09:30:45 IST" duration-ms="36102" status="PASS">
          <reporter-output>
          </reporter-output>
        </test-method> <!-- EstimateReport -->
        <test-method is-config="true" signature="teardown(org.testng.ITestResult)[pri:0, instance:testcase.Smoketest@47987356]" started-at="2022-04-04T09:30:45 IST" name="teardown" finished-at="2022-04-04T09:30:46 IST" duration-ms="1136" status="PASS">
          <params>
            <param index="0">
              <value>
                <![CDATA[[TestResult name=EstimateReport status=SUCCESS method=Smoketest.EstimateReport()[pri:28, instance:testcase.Smoketest@47987356] output={null}]]]>
              </value>
            </param>
          </params>
          <reporter-output>
          </reporter-output>
        </test-method> <!-- teardown -->
        <test-method signature="JobReport()[pri:29, instance:testcase.Smoketest@47987356]" started-at="2022-04-04T09:30:46 IST" name="JobReport" finished-at="2022-04-04T09:31:22 IST" duration-ms="36467" status="PASS">
          <reporter-output>
          </reporter-output>
        </test-method> <!-- JobReport -->
        <test-method is-config="true" signature="teardown(org.testng.ITestResult)[pri:0, instance:testcase.Smoketest@47987356]" started-at="2022-04-04T09:31:22 IST" name="teardown" finished-at="2022-04-04T09:31:24 IST" duration-ms="1481" status="PASS">
          <params>
            <param index="0">
              <value>
                <![CDATA[[TestResult name=JobReport status=SUCCESS method=Smoketest.JobReport()[pri:29, instance:testcase.Smoketest@47987356] output={null}]]]>
              </value>
            </param>
          </params>
          <reporter-output>
          </reporter-output>
        </test-method> <!-- teardown -->
        <test-method signature="Work_address_Reports()[pri:30, instance:testcase.Smoketest@47987356]" started-at="2022-04-04T09:31:24 IST" name="Work_address_Reports" finished-at="2022-04-04T09:31:57 IST" duration-ms="32971" status="PASS">
          <reporter-output>
          </reporter-output>
        </test-method> <!-- Work_address_Reports -->
        <test-method is-config="true" signature="teardown(org.testng.ITestResult)[pri:0, instance:testcase.Smoketest@47987356]" started-at="2022-04-04T09:31:57 IST" name="teardown" finished-at="2022-04-04T09:31:58 IST" duration-ms="1269" status="PASS">
          <params>
            <param index="0">
              <value>
                <![CDATA[[TestResult name=Work_address_Reports status=SUCCESS method=Smoketest.Work_address_Reports()[pri:30, instance:testcase.Smoketest@47987356] output={null}]]]>
              </value>
            </param>
          </params>
          <reporter-output>
          </reporter-output>
        </test-method> <!-- teardown -->
        <test-method signature="customersreportdownload_print()[pri:31, instance:testcase.Smoketest@47987356]" started-at="2022-04-04T09:31:58 IST" name="customersreportdownload_print" finished-at="2022-04-04T09:32:26 IST" duration-ms="27723" status="PASS">
          <reporter-output>
          </reporter-output>
        </test-method> <!-- customersreportdownload_print -->
        <test-method is-config="true" signature="teardown(org.testng.ITestResult)[pri:0, instance:testcase.Smoketest@47987356]" started-at="2022-04-04T09:32:26 IST" name="teardown" finished-at="2022-04-04T09:32:27 IST" duration-ms="1144" status="PASS">
          <params>
            <param index="0">
              <value>
                <![CDATA[[TestResult name=customersreportdownload_print status=SUCCESS method=Smoketest.customersreportdownload_print()[pri:31, instance:testcase.Smoketest@47987356] output={null}]]]>
              </value>
            </param>
          </params>
          <reporter-output>
          </reporter-output>
        </test-method> <!-- teardown -->
        <test-method signature="jobreportdownload_print()[pri:32, instance:testcase.Smoketest@47987356]" started-at="2022-04-04T09:32:27 IST" name="jobreportdownload_print" finished-at="2022-04-04T09:32:59 IST" duration-ms="32275" status="PASS">
          <reporter-output>
          </reporter-output>
        </test-method> <!-- jobreportdownload_print -->
        <test-method is-config="true" signature="teardown(org.testng.ITestResult)[pri:0, instance:testcase.Smoketest@47987356]" started-at="2022-04-04T09:32:59 IST" name="teardown" finished-at="2022-04-04T09:33:00 IST" duration-ms="1192" status="PASS">
          <params>
            <param index="0">
              <value>
                <![CDATA[[TestResult name=jobreportdownload_print status=SUCCESS method=Smoketest.jobreportdownload_print()[pri:32, instance:testcase.Smoketest@47987356] output={null}]]]>
              </value>
            </param>
          </params>
          <reporter-output>
          </reporter-output>
        </test-method> <!-- teardown -->
        <test-method signature="timesheetreport()[pri:33, instance:testcase.Smoketest@47987356]" started-at="2022-04-04T09:33:00 IST" name="timesheetreport" finished-at="2022-04-04T09:33:30 IST" duration-ms="29841" status="PASS">
          <reporter-output>
          </reporter-output>
        </test-method> <!-- timesheetreport -->
        <test-method is-config="true" signature="teardown(org.testng.ITestResult)[pri:0, instance:testcase.Smoketest@47987356]" started-at="2022-04-04T09:33:30 IST" name="teardown" finished-at="2022-04-04T09:33:31 IST" duration-ms="1127" status="PASS">
          <params>
            <param index="0">
              <value>
                <![CDATA[[TestResult name=timesheetreport status=SUCCESS method=Smoketest.timesheetreport()[pri:33, instance:testcase.Smoketest@47987356] output={null}]]]>
              </value>
            </param>
          </params>
          <reporter-output>
          </reporter-output>
        </test-method> <!-- teardown -->
        <test-method signature="salesreport()[pri:34, instance:testcase.Smoketest@47987356]" started-at="2022-04-04T09:33:31 IST" name="salesreport" finished-at="2022-04-04T09:34:01 IST" duration-ms="30027" status="PASS">
          <reporter-output>
          </reporter-output>
        </test-method> <!-- salesreport -->
        <test-method is-config="true" signature="teardown(org.testng.ITestResult)[pri:0, instance:testcase.Smoketest@47987356]" started-at="2022-04-04T09:34:01 IST" name="teardown" finished-at="2022-04-04T09:34:02 IST" duration-ms="1141" status="PASS">
          <params>
            <param index="0">
              <value>
                <![CDATA[[TestResult name=salesreport status=SUCCESS method=Smoketest.salesreport()[pri:34, instance:testcase.Smoketest@47987356] output={null}]]]>
              </value>
            </param>
          </params>
          <reporter-output>
          </reporter-output>
        </test-method> <!-- teardown -->
        <test-method signature="changesinvoicetype()[pri:35, instance:testcase.Smoketest@47987356]" started-at="2022-04-04T09:34:02 IST" name="changesinvoicetype" finished-at="2022-04-04T09:36:15 IST" duration-ms="132841" status="FAIL">
          <exception class="org.openqa.selenium.NoSuchElementException">
            <message>
              <![CDATA[no such element: Unable to locate element: {"method":"xpath","selector":"(//div[@class='section-title with-edit']//a)[1]"}
  (Session info: chrome=100.0.4896.60)
For documentation on this error, please visit: http://seleniumhq.org/exceptions/no_such_element.html
Build info: version: '3.14.0', revision: 'aacccce0', time: '2018-08-02T20:19:58.91Z'
System info: host: 'AZARUDEEN-LENOV', ip: '192.168.100.113', os.name: 'Windows 10', os.arch: 'amd64', os.version: '10.0', java.version: '17.0.1'
Driver info: org.openqa.selenium.chrome.ChromeDriver
Capabilities {acceptInsecureCerts: false, browserName: chrome, browserVersion: 100.0.4896.60, chrome: {chromedriverVersion: 99.0.4844.51 (d537ec02474b5..., userDataDir: C:\Users\azaru\AppData\Loca...}, goog:chromeOptions: {debuggerAddress: localhost:50477}, javascriptEnabled: true, networkConnectionEnabled: false, pageLoadStrategy: normal, platform: WINDOWS, platformName: WINDOWS, proxy: Proxy(), setWindowRect: true, strictFileInteractability: false, timeouts: {implicit: 0, pageLoad: 300000, script: 30000}, unhandledPromptBehavior: dismiss and notify, webauthn:extension:credBlob: true, webauthn:extension:largeBlob: true, webauthn:virtualAuthenticators: true}
Session ID: 03388edc6f5471cf7c23b579fd319bd0
*** Element info: {Using=xpath, value=(//div[@class='section-title with-edit']//a)[1]}]]>
            </message>
            <full-stacktrace>
              <![CDATA[org.openqa.selenium.NoSuchElementException: no such element: Unable to locate element: {"method":"xpath","selector":"(//div[@class='section-title with-edit']//a)[1]"}
  (Session info: chrome=100.0.4896.60)
For documentation on this error, please visit: http://seleniumhq.org/exceptions/no_such_element.html
Build info: version: '3.14.0', revision: 'aacccce0', time: '2018-08-02T20:19:58.91Z'
System info: host: 'AZARUDEEN-LENOV', ip: '192.168.100.113', os.name: 'Windows 10', os.arch: 'amd64', os.version: '10.0', java.version: '17.0.1'
Driver info: org.openqa.selenium.chrome.ChromeDriver
Capabilities {acceptInsecureCerts: false, browserName: chrome, browserVersion: 100.0.4896.60, chrome: {chromedriverVersion: 99.0.4844.51 (d537ec02474b5..., userDataDir: C:\Users\azaru\AppData\Loca...}, goog:chromeOptions: {debuggerAddress: localhost:50477}, javascriptEnabled: true, networkConnectionEnabled: false, pageLoadStrategy: normal, platform: WINDOWS, platformName: WINDOWS, proxy: Proxy(), setWindowRect: true, strictFileInteractability: false, timeouts: {implicit: 0, pageLoad: 300000, script: 30000}, unhandledPromptBehavior: dismiss and notify, webauthn:extension:credBlob: true, webauthn:extension:largeBlob: true, webauthn:virtualAuthenticators: true}
Session ID: 03388edc6f5471cf7c23b579fd319bd0
*** Element info: {Using=xpath, value=(//div[@class='section-title with-edit']//a)[1]}
at java.base/jdk.internal.reflect.NativeConstructorAccessorImpl.newInstance0(Native Method)
at java.base/jdk.internal.reflect.NativeConstructorAccessorImpl.newInstance(NativeConstructorAccessorImpl.java:77)
at java.base/jdk.internal.reflect.DelegatingConstructorAccessorImpl.newInstance(DelegatingConstructorAccessorImpl.java:45)
at java.base/java.lang.reflect.Constructor.newInstanceWithCaller(Constructor.java:499)
at java.base/java.lang.reflect.Constructor.newInstance(Constructor.java:480)
at org.openqa.selenium.remote.http.W3CHttpResponseCodec.createException(W3CHttpResponseCodec.java:187)
at org.openqa.selenium.remote.http.W3CHttpResponseCodec.decode(W3CHttpResponseCodec.java:122)
at org.openqa.selenium.remote.http.W3CHttpResponseCodec.decode(W3CHttpResponseCodec.java:49)
at org.openqa.selenium.remote.HttpCommandExecutor.execute(HttpCommandExecutor.java:158)
at org.openqa.selenium.remote.service.DriverCommandExecutor.execute(DriverCommandExecutor.java:83)
at org.openqa.selenium.remote.RemoteWebDriver.execute(RemoteWebDriver.java:548)
at org.openqa.selenium.remote.RemoteWebDriver.findElement(RemoteWebDriver.java:322)
at org.openqa.selenium.remote.RemoteWebDriver.findElementByXPath(RemoteWebDriver.java:424)
at org.openqa.selenium.By$ByXPath.findElement(By.java:353)
at org.openqa.selenium.remote.RemoteWebDriver.findElement(RemoteWebDriver.java:314)
at action.Wrapper.click(Wrapper.java:123)
at pages.Changeinvoice.editinvoicetype(Changeinvoice.java:106)
at testcase.Smoketest.changesinvoicetype(Smoketest.java:660)
at java.base/jdk.internal.reflect.NativeMethodAccessorImpl.invoke0(Native Method)
at java.base/jdk.internal.reflect.NativeMethodAccessorImpl.invoke(NativeMethodAccessorImpl.java:77)
at java.base/jdk.internal.reflect.DelegatingMethodAccessorImpl.invoke(DelegatingMethodAccessorImpl.java:43)
at java.base/java.lang.reflect.Method.invoke(Method.java:568)
at org.testng.internal.MethodInvocationHelper.invokeMethod(MethodInvocationHelper.java:134)
at org.testng.internal.TestInvoker.invokeMethod(TestInvoker.java:597)
at org.testng.internal.TestInvoker.invokeTestMethod(TestInvoker.java:173)
at org.testng.internal.MethodRunner.runInSequence(MethodRunner.java:46)
at org.testng.internal.TestInvoker$MethodInvocationAgent.invoke(TestInvoker.java:816)
at org.testng.internal.TestInvoker.invokeTestMethods(TestInvoker.java:146)
at org.testng.internal.TestMethodWorker.invokeTestMethods(TestMethodWorker.java:146)
at org.testng.internal.TestMethodWorker.run(TestMethodWorker.java:128)
at java.base/java.util.ArrayList.forEach(ArrayList.java:1511)
at org.testng.TestRunner.privateRun(TestRunner.java:766)
at org.testng.TestRunner.run(TestRunner.java:587)
at org.testng.SuiteRunner.runTest(SuiteRunner.java:384)
at org.testng.SuiteRunner.runSequentially(SuiteRunner.java:378)
at org.testng.SuiteRunner.privateRun(SuiteRunner.java:337)
at org.testng.SuiteRunner.run(SuiteRunner.java:286)
at org.testng.SuiteRunnerWorker.runSuite(SuiteRunnerWorker.java:53)
at org.testng.SuiteRunnerWorker.run(SuiteRunnerWorker.java:96)
at org.testng.TestNG.runSuitesSequentially(TestNG.java:1187)
at org.testng.TestNG.runSuitesLocally(TestNG.java:1109)
at org.testng.TestNG.runSuites(TestNG.java:1039)
at org.testng.TestNG.run(TestNG.java:1007)
at org.testng.remote.AbstractRemoteTestNG.run(AbstractRemoteTestNG.java:115)
at org.testng.remote.RemoteTestNG.initAndRun(RemoteTestNG.java:251)
at org.testng.remote.RemoteTestNG.main(RemoteTestNG.java:77)
]]>
            </full-stacktrace>
          </exception> <!-- org.openqa.selenium.NoSuchElementException -->
          <reporter-output>
          </reporter-output>
        </test-method> <!-- changesinvoicetype -->
        <test-method is-config="true" signature="teardown(org.testng.ITestResult)[pri:0, instance:testcase.Smoketest@47987356]" started-at="2022-04-04T09:36:15 IST" name="teardown" finished-at="2022-04-04T09:36:17 IST" duration-ms="1297" status="PASS">
          <params>
            <param index="0">
              <value>
                <![CDATA[[TestResult name=changesinvoicetype status=FAILURE method=Smoketest.changesinvoicetype()[pri:35, instance:testcase.Smoketest@47987356] output={null}]]]>
              </value>
            </param>
          </params>
          <reporter-output>
          </reporter-output>
        </test-method> <!-- teardown -->
        <test-method signature="ser_remainder()[pri:36, instance:testcase.Smoketest@47987356]" started-at="2022-04-04T09:36:17 IST" name="ser_remainder" finished-at="2022-04-04T09:36:30 IST" duration-ms="13407" status="PASS">
          <reporter-output>
          </reporter-output>
        </test-method> <!-- ser_remainder -->
        <test-method is-config="true" signature="teardown(org.testng.ITestResult)[pri:0, instance:testcase.Smoketest@47987356]" started-at="2022-04-04T09:36:30 IST" name="teardown" finished-at="2022-04-04T09:36:31 IST" duration-ms="1172" status="PASS">
          <params>
            <param index="0">
              <value>
                <![CDATA[[TestResult name=ser_remainder status=SUCCESS method=Smoketest.ser_remainder()[pri:36, instance:testcase.Smoketest@47987356] output={null}]]]>
              </value>
            </param>
          </params>
          <reporter-output>
          </reporter-output>
        </test-method> <!-- teardown -->
        <test-method signature="SolarSearch_pageresponse()[pri:37, instance:testcase.Smoketest@47987356]" started-at="2022-04-04T09:36:31 IST" name="SolarSearch_pageresponse" finished-at="2022-04-04T09:36:37 IST" duration-ms="5487" status="PASS">
          <reporter-output>
          </reporter-output>
        </test-method> <!-- SolarSearch_pageresponse -->
        <test-method is-config="true" signature="teardown(org.testng.ITestResult)[pri:0, instance:testcase.Smoketest@47987356]" started-at="2022-04-04T09:36:37 IST" name="teardown" finished-at="2022-04-04T09:36:38 IST" duration-ms="1121" status="PASS">
          <params>
            <param index="0">
              <value>
                <![CDATA[[TestResult name=SolarSearch_pageresponse status=SUCCESS method=Smoketest.SolarSearch_pageresponse()[pri:37, instance:testcase.Smoketest@47987356] output={null}]]]>
              </value>
            </param>
          </params>
          <reporter-output>
          </reporter-output>
        </test-method> <!-- teardown -->
        <test-method signature="Estimate_Accepted_In_Portal_With_Payment()[pri:38, instance:testcase.Smoketest@47987356]" started-at="2022-04-04T09:36:38 IST" name="Estimate_Accepted_In_Portal_With_Payment" finished-at="2022-04-04T09:39:14 IST" duration-ms="156143" status="FAIL">
          <exception class="org.openqa.selenium.NoSuchElementException">
            <message>
              <![CDATA[no such element: Unable to locate element: {"method":"xpath","selector":"(//a[contains(text(),' open the portal')])[1]"}
  (Session info: chrome=100.0.4896.60)
For documentation on this error, please visit: http://seleniumhq.org/exceptions/no_such_element.html
Build info: version: '3.14.0', revision: 'aacccce0', time: '2018-08-02T20:19:58.91Z'
System info: host: 'AZARUDEEN-LENOV', ip: '192.168.100.113', os.name: 'Windows 10', os.arch: 'amd64', os.version: '10.0', java.version: '17.0.1'
Driver info: org.openqa.selenium.chrome.ChromeDriver
Capabilities {acceptInsecureCerts: false, browserName: chrome, browserVersion: 100.0.4896.60, chrome: {chromedriverVersion: 99.0.4844.51 (d537ec02474b5..., userDataDir: C:\Users\azaru\AppData\Loca...}, goog:chromeOptions: {debuggerAddress: localhost:50477}, javascriptEnabled: true, networkConnectionEnabled: false, pageLoadStrategy: normal, platform: WINDOWS, platformName: WINDOWS, proxy: Proxy(), setWindowRect: true, strictFileInteractability: false, timeouts: {implicit: 0, pageLoad: 300000, script: 30000}, unhandledPromptBehavior: dismiss and notify, webauthn:extension:credBlob: true, webauthn:extension:largeBlob: true, webauthn:virtualAuthenticators: true}
Session ID: 03388edc6f5471cf7c23b579fd319bd0
*** Element info: {Using=xpath, value=(//a[contains(text(),' open the portal')])[1]}]]>
            </message>
            <full-stacktrace>
              <![CDATA[org.openqa.selenium.NoSuchElementException: no such element: Unable to locate element: {"method":"xpath","selector":"(//a[contains(text(),' open the portal')])[1]"}
  (Session info: chrome=100.0.4896.60)
For documentation on this error, please visit: http://seleniumhq.org/exceptions/no_such_element.html
Build info: version: '3.14.0', revision: 'aacccce0', time: '2018-08-02T20:19:58.91Z'
System info: host: 'AZARUDEEN-LENOV', ip: '192.168.100.113', os.name: 'Windows 10', os.arch: 'amd64', os.version: '10.0', java.version: '17.0.1'
Driver info: org.openqa.selenium.chrome.ChromeDriver
Capabilities {acceptInsecureCerts: false, browserName: chrome, browserVersion: 100.0.4896.60, chrome: {chromedriverVersion: 99.0.4844.51 (d537ec02474b5..., userDataDir: C:\Users\azaru\AppData\Loca...}, goog:chromeOptions: {debuggerAddress: localhost:50477}, javascriptEnabled: true, networkConnectionEnabled: false, pageLoadStrategy: normal, platform: WINDOWS, platformName: WINDOWS, proxy: Proxy(), setWindowRect: true, strictFileInteractability: false, timeouts: {implicit: 0, pageLoad: 300000, script: 30000}, unhandledPromptBehavior: dismiss and notify, webauthn:extension:credBlob: true, webauthn:extension:largeBlob: true, webauthn:virtualAuthenticators: true}
Session ID: 03388edc6f5471cf7c23b579fd319bd0
*** Element info: {Using=xpath, value=(//a[contains(text(),' open the portal')])[1]}
at java.base/jdk.internal.reflect.NativeConstructorAccessorImpl.newInstance0(Native Method)
at java.base/jdk.internal.reflect.NativeConstructorAccessorImpl.newInstance(NativeConstructorAccessorImpl.java:77)
at java.base/jdk.internal.reflect.DelegatingConstructorAccessorImpl.newInstance(DelegatingConstructorAccessorImpl.java:45)
at java.base/java.lang.reflect.Constructor.newInstanceWithCaller(Constructor.java:499)
at java.base/java.lang.reflect.Constructor.newInstance(Constructor.java:480)
at org.openqa.selenium.remote.http.W3CHttpResponseCodec.createException(W3CHttpResponseCodec.java:187)
at org.openqa.selenium.remote.http.W3CHttpResponseCodec.decode(W3CHttpResponseCodec.java:122)
at org.openqa.selenium.remote.http.W3CHttpResponseCodec.decode(W3CHttpResponseCodec.java:49)
at org.openqa.selenium.remote.HttpCommandExecutor.execute(HttpCommandExecutor.java:158)
at org.openqa.selenium.remote.service.DriverCommandExecutor.execute(DriverCommandExecutor.java:83)
at org.openqa.selenium.remote.RemoteWebDriver.execute(RemoteWebDriver.java:548)
at org.openqa.selenium.remote.RemoteWebDriver.findElement(RemoteWebDriver.java:322)
at org.openqa.selenium.remote.RemoteWebDriver.findElementByXPath(RemoteWebDriver.java:424)
at org.openqa.selenium.By$ByXPath.findElement(By.java:353)
at org.openqa.selenium.remote.RemoteWebDriver.findElement(RemoteWebDriver.java:314)
at action.Wrapper.click(Wrapper.java:123)
at pages.Estimate.Estimate_Portal(Estimate.java:134)
at testcase.Smoketest.Estimate_Accepted_In_Portal_With_Payment(Smoketest.java:737)
at java.base/jdk.internal.reflect.NativeMethodAccessorImpl.invoke0(Native Method)
at java.base/jdk.internal.reflect.NativeMethodAccessorImpl.invoke(NativeMethodAccessorImpl.java:77)
at java.base/jdk.internal.reflect.DelegatingMethodAccessorImpl.invoke(DelegatingMethodAccessorImpl.java:43)
at java.base/java.lang.reflect.Method.invoke(Method.java:568)
at org.testng.internal.MethodInvocationHelper.invokeMethod(MethodInvocationHelper.java:134)
at org.testng.internal.TestInvoker.invokeMethod(TestInvoker.java:597)
at org.testng.internal.TestInvoker.invokeTestMethod(TestInvoker.java:173)
at org.testng.internal.MethodRunner.runInSequence(MethodRunner.java:46)
at org.testng.internal.TestInvoker$MethodInvocationAgent.invoke(TestInvoker.java:816)
at org.testng.internal.TestInvoker.invokeTestMethods(TestInvoker.java:146)
at org.testng.internal.TestMethodWorker.invokeTestMethods(TestMethodWorker.java:146)
at org.testng.internal.TestMethodWorker.run(TestMethodWorker.java:128)
at java.base/java.util.ArrayList.forEach(ArrayList.java:1511)
at org.testng.TestRunner.privateRun(TestRunner.java:766)
at org.testng.TestRunner.run(TestRunner.java:587)
at org.testng.SuiteRunner.runTest(SuiteRunner.java:384)
at org.testng.SuiteRunner.runSequentially(SuiteRunner.java:378)
at org.testng.SuiteRunner.privateRun(SuiteRunner.java:337)
at org.testng.SuiteRunner.run(SuiteRunner.java:286)
at org.testng.SuiteRunnerWorker.runSuite(SuiteRunnerWorker.java:53)
at org.testng.SuiteRunnerWorker.run(SuiteRunnerWorker.java:96)
at org.testng.TestNG.runSuitesSequentially(TestNG.java:1187)
at org.testng.TestNG.runSuitesLocally(TestNG.java:1109)
at org.testng.TestNG.runSuites(TestNG.java:1039)
at org.testng.TestNG.run(TestNG.java:1007)
at org.testng.remote.AbstractRemoteTestNG.run(AbstractRemoteTestNG.java:115)
at org.testng.remote.RemoteTestNG.initAndRun(RemoteTestNG.java:251)
at org.testng.remote.RemoteTestNG.main(RemoteTestNG.java:77)
]]>
            </full-stacktrace>
          </exception> <!-- org.openqa.selenium.NoSuchElementException -->
          <reporter-output>
          </reporter-output>
        </test-method> <!-- Estimate_Accepted_In_Portal_With_Payment -->
        <test-method is-config="true" signature="teardown(org.testng.ITestResult)[pri:0, instance:testcase.Smoketest@47987356]" started-at="2022-04-04T09:39:14 IST" name="teardown" finished-at="2022-04-04T09:39:15 IST" duration-ms="1423" status="PASS">
          <params>
            <param index="0">
              <value>
                <![CDATA[[TestResult name=Estimate_Accepted_In_Portal_With_Payment status=FAILURE method=Smoketest.Estimate_Accepted_In_Portal_With_Payment()[pri:38, instance:testcase.Smoketest@47987356] output={null}]]]>
              </value>
            </param>
          </params>
          <reporter-output>
          </reporter-output>
        </test-method> <!-- teardown -->
        <test-method signature="Estimate_Accepted_In_Portal_Without_Payment()[pri:39, instance:testcase.Smoketest@47987356]" started-at="2022-04-04T09:39:15 IST" name="Estimate_Accepted_In_Portal_Without_Payment" finished-at="2022-04-04T09:41:28 IST" duration-ms="132938" status="FAIL">
          <exception class="org.openqa.selenium.NoSuchElementException">
            <message>
              <![CDATA[no such element: Unable to locate element: {"method":"xpath","selector":"(//a[contains(text(),' open the portal')])[1]"}
  (Session info: chrome=100.0.4896.60)
For documentation on this error, please visit: http://seleniumhq.org/exceptions/no_such_element.html
Build info: version: '3.14.0', revision: 'aacccce0', time: '2018-08-02T20:19:58.91Z'
System info: host: 'AZARUDEEN-LENOV', ip: '192.168.100.113', os.name: 'Windows 10', os.arch: 'amd64', os.version: '10.0', java.version: '17.0.1'
Driver info: org.openqa.selenium.chrome.ChromeDriver
Capabilities {acceptInsecureCerts: false, browserName: chrome, browserVersion: 100.0.4896.60, chrome: {chromedriverVersion: 99.0.4844.51 (d537ec02474b5..., userDataDir: C:\Users\azaru\AppData\Loca...}, goog:chromeOptions: {debuggerAddress: localhost:50477}, javascriptEnabled: true, networkConnectionEnabled: false, pageLoadStrategy: normal, platform: WINDOWS, platformName: WINDOWS, proxy: Proxy(), setWindowRect: true, strictFileInteractability: false, timeouts: {implicit: 0, pageLoad: 300000, script: 30000}, unhandledPromptBehavior: dismiss and notify, webauthn:extension:credBlob: true, webauthn:extension:largeBlob: true, webauthn:virtualAuthenticators: true}
Session ID: 03388edc6f5471cf7c23b579fd319bd0
*** Element info: {Using=xpath, value=(//a[contains(text(),' open the portal')])[1]}]]>
            </message>
            <full-stacktrace>
              <![CDATA[org.openqa.selenium.NoSuchElementException: no such element: Unable to locate element: {"method":"xpath","selector":"(//a[contains(text(),' open the portal')])[1]"}
  (Session info: chrome=100.0.4896.60)
For documentation on this error, please visit: http://seleniumhq.org/exceptions/no_such_element.html
Build info: version: '3.14.0', revision: 'aacccce0', time: '2018-08-02T20:19:58.91Z'
System info: host: 'AZARUDEEN-LENOV', ip: '192.168.100.113', os.name: 'Windows 10', os.arch: 'amd64', os.version: '10.0', java.version: '17.0.1'
Driver info: org.openqa.selenium.chrome.ChromeDriver
Capabilities {acceptInsecureCerts: false, browserName: chrome, browserVersion: 100.0.4896.60, chrome: {chromedriverVersion: 99.0.4844.51 (d537ec02474b5..., userDataDir: C:\Users\azaru\AppData\Loca...}, goog:chromeOptions: {debuggerAddress: localhost:50477}, javascriptEnabled: true, networkConnectionEnabled: false, pageLoadStrategy: normal, platform: WINDOWS, platformName: WINDOWS, proxy: Proxy(), setWindowRect: true, strictFileInteractability: false, timeouts: {implicit: 0, pageLoad: 300000, script: 30000}, unhandledPromptBehavior: dismiss and notify, webauthn:extension:credBlob: true, webauthn:extension:largeBlob: true, webauthn:virtualAuthenticators: true}
Session ID: 03388edc6f5471cf7c23b579fd319bd0
*** Element info: {Using=xpath, value=(//a[contains(text(),' open the portal')])[1]}
at java.base/jdk.internal.reflect.NativeConstructorAccessorImpl.newInstance0(Native Method)
at java.base/jdk.internal.reflect.NativeConstructorAccessorImpl.newInstance(NativeConstructorAccessorImpl.java:77)
at java.base/jdk.internal.reflect.DelegatingConstructorAccessorImpl.newInstance(DelegatingConstructorAccessorImpl.java:45)
at java.base/java.lang.reflect.Constructor.newInstanceWithCaller(Constructor.java:499)
at java.base/java.lang.reflect.Constructor.newInstance(Constructor.java:480)
at org.openqa.selenium.remote.http.W3CHttpResponseCodec.createException(W3CHttpResponseCodec.java:187)
at org.openqa.selenium.remote.http.W3CHttpResponseCodec.decode(W3CHttpResponseCodec.java:122)
at org.openqa.selenium.remote.http.W3CHttpResponseCodec.decode(W3CHttpResponseCodec.java:49)
at org.openqa.selenium.remote.HttpCommandExecutor.execute(HttpCommandExecutor.java:158)
at org.openqa.selenium.remote.service.DriverCommandExecutor.execute(DriverCommandExecutor.java:83)
at org.openqa.selenium.remote.RemoteWebDriver.execute(RemoteWebDriver.java:548)
at org.openqa.selenium.remote.RemoteWebDriver.findElement(RemoteWebDriver.java:322)
at org.openqa.selenium.remote.RemoteWebDriver.findElementByXPath(RemoteWebDriver.java:424)
at org.openqa.selenium.By$ByXPath.findElement(By.java:353)
at org.openqa.selenium.remote.RemoteWebDriver.findElement(RemoteWebDriver.java:314)
at action.Wrapper.click(Wrapper.java:123)
at pages.Estimate.Estimate_Portal(Estimate.java:134)
at testcase.Smoketest.Estimate_Accepted_In_Portal_Without_Payment(Smoketest.java:773)
at java.base/jdk.internal.reflect.NativeMethodAccessorImpl.invoke0(Native Method)
at java.base/jdk.internal.reflect.NativeMethodAccessorImpl.invoke(NativeMethodAccessorImpl.java:77)
at java.base/jdk.internal.reflect.DelegatingMethodAccessorImpl.invoke(DelegatingMethodAccessorImpl.java:43)
at java.base/java.lang.reflect.Method.invoke(Method.java:568)
at org.testng.internal.MethodInvocationHelper.invokeMethod(MethodInvocationHelper.java:134)
at org.testng.internal.TestInvoker.invokeMethod(TestInvoker.java:597)
at org.testng.internal.TestInvoker.invokeTestMethod(TestInvoker.java:173)
at org.testng.internal.MethodRunner.runInSequence(MethodRunner.java:46)
at org.testng.internal.TestInvoker$MethodInvocationAgent.invoke(TestInvoker.java:816)
at org.testng.internal.TestInvoker.invokeTestMethods(TestInvoker.java:146)
at org.testng.internal.TestMethodWorker.invokeTestMethods(TestMethodWorker.java:146)
at org.testng.internal.TestMethodWorker.run(TestMethodWorker.java:128)
at java.base/java.util.ArrayList.forEach(ArrayList.java:1511)
at org.testng.TestRunner.privateRun(TestRunner.java:766)
at org.testng.TestRunner.run(TestRunner.java:587)
at org.testng.SuiteRunner.runTest(SuiteRunner.java:384)
at org.testng.SuiteRunner.runSequentially(SuiteRunner.java:378)
at org.testng.SuiteRunner.privateRun(SuiteRunner.java:337)
at org.testng.SuiteRunner.run(SuiteRunner.java:286)
at org.testng.SuiteRunnerWorker.runSuite(SuiteRunnerWorker.java:53)
at org.testng.SuiteRunnerWorker.run(SuiteRunnerWorker.java:96)
at org.testng.TestNG.runSuitesSequentially(TestNG.java:1187)
at org.testng.TestNG.runSuitesLocally(TestNG.java:1109)
at org.testng.TestNG.runSuites(TestNG.java:1039)
at org.testng.TestNG.run(TestNG.java:1007)
at org.testng.remote.AbstractRemoteTestNG.run(AbstractRemoteTestNG.java:115)
at org.testng.remote.RemoteTestNG.initAndRun(RemoteTestNG.java:251)
at org.testng.remote.RemoteTestNG.main(RemoteTestNG.java:77)
]]>
            </full-stacktrace>
          </exception> <!-- org.openqa.selenium.NoSuchElementException -->
          <reporter-output>
          </reporter-output>
        </test-method> <!-- Estimate_Accepted_In_Portal_Without_Payment -->
        <test-method is-config="true" signature="teardown(org.testng.ITestResult)[pri:0, instance:testcase.Smoketest@47987356]" started-at="2022-04-04T09:41:28 IST" name="teardown" finished-at="2022-04-04T09:41:30 IST" duration-ms="1321" status="PASS">
          <params>
            <param index="0">
              <value>
                <![CDATA[[TestResult name=Estimate_Accepted_In_Portal_Without_Payment status=FAILURE method=Smoketest.Estimate_Accepted_In_Portal_Without_Payment()[pri:39, instance:testcase.Smoketest@47987356] output={null}]]]>
              </value>
            </param>
          </params>
          <reporter-output>
          </reporter-output>
        </test-method> <!-- teardown -->
        <test-method is-config="true" signature="tearDown()[pri:0, instance:testcase.Smoketest@47987356]" started-at="2022-04-04T09:41:30 IST" name="tearDown" finished-at="2022-04-04T09:41:31 IST" duration-ms="1464" status="PASS">
          <reporter-output>
          </reporter-output>
        </test-method> <!-- tearDown -->
      </class> <!-- testcase.Smoketest -->
    </test> <!-- Default test -->
  </suite> <!-- Default suite -->
</testng-results>
